1MCC.OUT            






 1001 1000    1    0 2000
     0.000
    1 0.000     0.000     2 1         1         1
    20.5000E-01 0.000     0 0         0         0
    30.1000     0.000     0 0         0         0
    40.1500     0.000     0 0         0         0
    50.2000     0.000     0 0         0         0
    60.2500     0.000     0 0         0         0
    70.3000     0.000     0 0         0         0
    80.3500     0.000     0 0         0         0
    90.4000     0.000     0 0         0         0
   100.4500     0.000     0 0         0         0
   110.5000     0.000     0 0         0         0
   120.5500     0.000     0 0         0         0
   130.6000     0.000     0 0         0         0
   140.6500     0.000     0 0         0         0
   150.7000     0.000     0 0         0         0
   160.7500     0.000     0 0         0         0
   170.8000     0.000     0 0         0         0
   180.8500     0.000     0 0         0         0
   190.9000     0.000     0 0         0         0
   200.9500     0.000     0 0         0         0
   21 1.000     0.000     0 0         0         0
   22 1.050     0.000     0 0         0         0
   23 1.100     0.000     0 0         0         0
   24 1.150     0.000     0 0         0         0
   25 1.200     0.000     0 0         0         0
   26 1.250     0.000     0 0         0         0
   27 1.300     0.000     0 0         0         0
   28 1.350     0.000     0 0         0         0
   29 1.400     0.000     0 0         0         0
   30 1.450     0.000     0 0         0         0
   31 1.500     0.000     0 0         0         0
   32 1.550     0.000     0 0         0         0
   33 1.600     0.000     0 0         0         0
   34 1.650     0.000     0 0         0         0
   35 1.700     0.000     0 0         0         0
   36 1.750     0.000     0 0         0         0
   37 1.800     0.000     0 0         0         0
   38 1.850     0.000     0 0         0         0
   39 1.900     0.000     0 0         0         0
   40 1.950     0.000     0 0         0         0
   41 2.000     0.000     0 0         0         0
   42 2.050     0.000     0 0         0         0
   43 2.100     0.000     0 0         0         0
   44 2.150     0.000     0 0         0         0
   45 2.200     0.000     0 0         0         0
   46 2.250     0.000     0 0         0         0
   47 2.300     0.000     0 0         0         0
   48 2.350     0.000     0 0         0         0
   49 2.400     0.000     0 0         0         0
   50 2.450     0.000     0 0         0         0
   51 2.500     0.000     0 0         0         0
   52 2.550     0.000     0 0         0         0
   53 2.600     0.000     0 0         0         0
   54 2.650     0.000     0 0         0         0
   55 2.700     0.000     0 0         0         0
   56 2.750     0.000     0 0         0         0
   57 2.800     0.000     0 0         0         0
   58 2.850     0.000     0 0         0         0
   59 2.900     0.000     0 0         0         0
   60 2.950     0.000     0 0         0         0
   61 3.000     0.000     0 0         0         0
   62 3.050     0.000     0 0         0         0
   63 3.100     0.000     0 0         0         0
   64 3.150     0.000     0 0         0         0
   65 3.200     0.000     0 0         0         0
   66 3.250     0.000     0 0         0         0
   67 3.300     0.000     0 0         0         0
   68 3.350     0.000     0 0         0         0
   69 3.400     0.000     0 0         0         0
   70 3.450     0.000     0 0         0         0
   71 3.500     0.000     0 0         0         0
   72 3.550     0.000     0 0         0         0
   73 3.600     0.000     0 0         0         0
   74 3.650     0.000     0 0         0         0
   75 3.700     0.000     0 0         0         0
   76 3.750     0.000     0 0         0         0
   77 3.800     0.000     0 0         0         0
   78 3.850     0.000     0 0         0         0
   79 3.900     0.000     0 0         0         0
   80 3.950     0.000     0 0         0         0
   81 4.000     0.000     0 0         0         0
   82 4.050     0.000     0 0         0         0
   83 4.100     0.000     0 0         0         0
   84 4.150     0.000     0 0         0         0
   85 4.200     0.000     0 0         0         0
   86 4.250     0.000     0 0         0         0
   87 4.300     0.000     0 0         0         0
   88 4.350     0.000     0 0         0         0
   89 4.400     0.000     0 0         0         0
   90 4.450     0.000     0 0         0         0
   91 4.500     0.000     0 0         0         0
   92 4.550     0.000     0 0         0         0
   93 4.600     0.000     0 0         0         0
   94 4.650     0.000     0 0         0         0
   95 4.700     0.000     0 0         0         0
   96 4.750     0.000     0 0         0         0
   97 4.800     0.000     0 0         0         0
   98 4.850     0.000     0 0         0         0
   99 4.900     0.000     0 0         0         0
  100 4.950     0.000     0 0         0         0
  101 5.000     0.000     0 0         0         0
  102 5.050     0.000     0 0         0         0
  103 5.100     0.000     0 0         0         0
  104 5.150     0.000     0 0         0         0
  105 5.200     0.000     0 0         0         0
  106 5.250     0.000     0 0         0         0
  107 5.300     0.000     0 0         0         0
  108 5.350     0.000     0 0         0         0
  109 5.400     0.000     0 0         0         0
  110 5.450     0.000     0 0         0         0
  111 5.500     0.000     0 0         0         0
  112 5.550     0.000     0 0         0         0
  113 5.600     0.000     0 0         0         0
  114 5.650     0.000     0 0         0         0
  115 5.700     0.000     0 0         0         0
  116 5.750     0.000     0 0         0         0
  117 5.800     0.000     0 0         0         0
  118 5.850     0.000     0 0         0         0
  119 5.900     0.000     0 0         0         0
  120 5.950     0.000     0 0         0         0
  121 6.000     0.000     0 0         0         0
  122 6.050     0.000     0 0         0         0
  123 6.100     0.000     0 0         0         0
  124 6.150     0.000     0 0         0         0
  125 6.200     0.000     0 0         0         0
  126 6.250     0.000     0 0         0         0
  127 6.300     0.000     0 0         0         0
  128 6.350     0.000     0 0         0         0
  129 6.400     0.000     0 0         0         0
  130 6.450     0.000     0 0         0         0
  131 6.500     0.000     0 0         0         0
  132 6.550     0.000     0 0         0         0
  133 6.600     0.000     0 0         0         0
  134 6.650     0.000     0 0         0         0
  135 6.700     0.000     0 0         0         0
  136 6.750     0.000     0 0         0         0
  137 6.800     0.000     0 0         0         0
  138 6.850     0.000     0 0         0         0
  139 6.900     0.000     0 0         0         0
  140 6.950     0.000     0 0         0         0
  141 7.000     0.000     0 0         0         0
  142 7.050     0.000     0 0         0         0
  143 7.100     0.000     0 0         0         0
  144 7.150     0.000     0 0         0         0
  145 7.200     0.000     0 0         0         0
  146 7.250     0.000     0 0         0         0
  147 7.300     0.000     0 0         0         0
  148 7.350     0.000     0 0         0         0
  149 7.400     0.000     0 0         0         0
  150 7.450     0.000     0 0         0         0
  151 7.500     0.000     0 0         0         0
  152 7.550     0.000     0 0         0         0
  153 7.600     0.000     0 0         0         0
  154 7.650     0.000     0 0         0         0
  155 7.700     0.000     0 0         0         0
  156 7.750     0.000     0 0         0         0
  157 7.800     0.000     0 0         0         0
  158 7.850     0.000     0 0         0         0
  159 7.900     0.000     0 0         0         0
  160 7.950     0.000     0 0         0         0
  161 8.000     0.000     0 0         0         0
  162 8.050     0.000     0 0         0         0
  163 8.100     0.000     0 0         0         0
  164 8.150     0.000     0 0         0         0
  165 8.200     0.000     0 0         0         0
  166 8.250     0.000     0 0         0         0
  167 8.300     0.000     0 0         0         0
  168 8.350     0.000     0 0         0         0
  169 8.400     0.000     0 0         0         0
  170 8.450     0.000     0 0         0         0
  171 8.500     0.000     0 0         0         0
  172 8.550     0.000     0 0         0         0
  173 8.600     0.000     0 0         0         0
  174 8.650     0.000     0 0         0         0
  175 8.700     0.000     0 0         0         0
  176 8.750     0.000     0 0         0         0
  177 8.800     0.000     0 0         0         0
  178 8.850     0.000     0 0         0         0
  179 8.900     0.000     0 0         0         0
  180 8.950     0.000     0 0         0         0
  181 9.000     0.000     0 0         0         0
  182 9.050     0.000     0 0         0         0
  183 9.100     0.000     0 0         0         0
  184 9.150     0.000     0 0         0         0
  185 9.200     0.000     0 0         0         0
  186 9.250     0.000     0 0         0         0
  187 9.300     0.000     0 0         0         0
  188 9.350     0.000     0 0         0         0
  189 9.400     0.000     0 0         0         0
  190 9.450     0.000     0 0         0         0
  191 9.500     0.000     0 0         0         0
  192 9.550     0.000     0 0         0         0
  193 9.600     0.000     0 0         0         0
  194 9.650     0.000     0 0         0         0
  195 9.700     0.000     0 0         0         0
  196 9.750     0.000     0 0         0         0
  197 9.800     0.000     0 0         0         0
  198 9.850     0.000     0 0         0         0
  199 9.900     0.000     0 0         0         0
  200 9.950     0.000     0 0         0         0
  201 10.00     0.000     0 0         0         0
  202 10.05     0.000     0 0         0         0
  203 10.10     0.000     0 0         0         0
  204 10.15     0.000     0 0         0         0
  205 10.20     0.000     0 0         0         0
  206 10.25     0.000     0 0         0         0
  207 10.30     0.000     0 0         0         0
  208 10.35     0.000     0 0         0         0
  209 10.40     0.000     0 0         0         0
  210 10.45     0.000     0 0         0         0
  211 10.50     0.000     0 0         0         0
  212 10.55     0.000     0 0         0         0
  213 10.60     0.000     0 0         0         0
  214 10.65     0.000     0 0         0         0
  215 10.70     0.000     0 0         0         0
  216 10.75     0.000     0 0         0         0
  217 10.80     0.000     0 0         0         0
  218 10.85     0.000     0 0         0         0
  219 10.90     0.000     0 0         0         0
  220 10.95     0.000     0 0         0         0
  221 11.00     0.000     0 0         0         0
  222 11.05     0.000     0 0         0         0
  223 11.10     0.000     0 0         0         0
  224 11.15     0.000     0 0         0         0
  225 11.20     0.000     0 0         0         0
  226 11.25     0.000     0 0         0         0
  227 11.30     0.000     0 0         0         0
  228 11.35     0.000     0 0         0         0
  229 11.40     0.000     0 0         0         0
  230 11.45     0.000     0 0         0         0
  231 11.50     0.000     0 0         0         0
  232 11.55     0.000     0 0         0         0
  233 11.60     0.000     0 0         0         0
  234 11.65     0.000     0 0         0         0
  235 11.70     0.000     0 0         0         0
  236 11.75     0.000     0 0         0         0
  237 11.80     0.000     0 0         0         0
  238 11.85     0.000     0 0         0         0
  239 11.90     0.000     0 0         0         0
  240 11.95     0.000     0 0         0         0
  241 12.00     0.000     0 0         0         0
  242 12.05     0.000     0 0         0         0
  243 12.10     0.000     0 0         0         0
  244 12.15     0.000     0 0         0         0
  245 12.20     0.000     0 0         0         0
  246 12.25     0.000     0 0         0         0
  247 12.30     0.000     0 0         0         0
  248 12.35     0.000     0 0         0         0
  249 12.40     0.000     0 0         0         0
  250 12.45     0.000     0 0         0         0
  251 12.50     0.000     0 0         0         0
  252 12.55     0.000     0 0         0         0
  253 12.60     0.000     0 0         0         0
  254 12.65     0.000     0 0         0         0
  255 12.70     0.000     0 0         0         0
  256 12.75     0.000     0 0         0         0
  257 12.80     0.000     0 0         0         0
  258 12.85     0.000     0 0         0         0
  259 12.90     0.000     0 0         0         0
  260 12.95     0.000     0 0         0         0
  261 13.00     0.000     0 0         0         0
  262 13.05     0.000     0 0         0         0
  263 13.10     0.000     0 0         0         0
  264 13.15     0.000     0 0         0         0
  265 13.20     0.000     0 0         0         0
  266 13.25     0.000     0 0         0         0
  267 13.30     0.000     0 0         0         0
  268 13.35     0.000     0 0         0         0
  269 13.40     0.000     0 0         0         0
  270 13.45     0.000     0 0         0         0
  271 13.50     0.000     0 0         0         0
  272 13.55     0.000     0 0         0         0
  273 13.60     0.000     0 0         0         0
  274 13.65     0.000     0 0         0         0
  275 13.70     0.000     0 0         0         0
  276 13.75     0.000     0 0         0         0
  277 13.80     0.000     0 0         0         0
  278 13.85     0.000     0 0         0         0
  279 13.90     0.000     0 0         0         0
  280 13.95     0.000     0 0         0         0
  281 14.00     0.000     0 0         0         0
  282 14.05     0.000     0 0         0         0
  283 14.10     0.000     0 0         0         0
  284 14.15     0.000     0 0         0         0
  285 14.20     0.000     0 0         0         0
  286 14.25     0.000     0 0         0         0
  287 14.30     0.000     0 0         0         0
  288 14.35     0.000     0 0         0         0
  289 14.40     0.000     0 0         0         0
  290 14.45     0.000     0 0         0         0
  291 14.50     0.000     0 0         0         0
  292 14.55     0.000     0 0         0         0
  293 14.60     0.000     0 0         0         0
  294 14.65     0.000     0 0         0         0
  295 14.70     0.000     0 0         0         0
  296 14.75     0.000     0 0         0         0
  297 14.80     0.000     0 0         0         0
  298 14.85     0.000     0 0         0         0
  299 14.90     0.000     0 0         0         0
  300 14.95     0.000     0 0         0         0
  301 15.00     0.000     0 0         0         0
  302 15.05     0.000     0 0         0         0
  303 15.10     0.000     0 0         0         0
  304 15.15     0.000     0 0         0         0
  305 15.20     0.000     0 0         0         0
  306 15.25     0.000     0 0         0         0
  307 15.30     0.000     0 0         0         0
  308 15.35     0.000     0 0         0         0
  309 15.40     0.000     0 0         0         0
  310 15.45     0.000     0 0         0         0
  311 15.50     0.000     0 0         0         0
  312 15.55     0.000     0 0         0         0
  313 15.60     0.000     0 0         0         0
  314 15.65     0.000     0 0         0         0
  315 15.70     0.000     0 0         0         0
  316 15.75     0.000     0 0         0         0
  317 15.80     0.000     0 0         0         0
  318 15.85     0.000     0 0         0         0
  319 15.90     0.000     0 0         0         0
  320 15.95     0.000     0 0         0         0
  321 16.00     0.000     0 0         0         0
  322 16.05     0.000     0 0         0         0
  323 16.10     0.000     0 0         0         0
  324 16.15     0.000     0 0         0         0
  325 16.20     0.000     0 0         0         0
  326 16.25     0.000     0 0         0         0
  327 16.30     0.000     0 0         0         0
  328 16.35     0.000     0 0         0         0
  329 16.40     0.000     0 0         0         0
  330 16.45     0.000     0 0         0         0
  331 16.50     0.000     0 0         0         0
  332 16.55     0.000     0 0         0         0
  333 16.60     0.000     0 0         0         0
  334 16.65     0.000     0 0         0         0
  335 16.70     0.000     0 0         0         0
  336 16.75     0.000     0 0         0         0
  337 16.80     0.000     0 0         0         0
  338 16.85     0.000     0 0         0         0
  339 16.90     0.000     0 0         0         0
  340 16.95     0.000     0 0         0         0
  341 17.00     0.000     0 0         0         0
  342 17.05     0.000     0 0         0         0
  343 17.10     0.000     0 0         0         0
  344 17.15     0.000     0 0         0         0
  345 17.20     0.000     0 0         0         0
  346 17.25     0.000     0 0         0         0
  347 17.30     0.000     0 0         0         0
  348 17.35     0.000     0 0         0         0
  349 17.40     0.000     0 0         0         0
  350 17.45     0.000     0 0         0         0
  351 17.50     0.000     0 0         0         0
  352 17.55     0.000     0 0         0         0
  353 17.60     0.000     0 0         0         0
  354 17.65     0.000     0 0         0         0
  355 17.70     0.000     0 0         0         0
  356 17.75     0.000     0 0         0         0
  357 17.80     0.000     0 0         0         0
  358 17.85     0.000     0 0         0         0
  359 17.90     0.000     0 0         0         0
  360 17.95     0.000     0 0         0         0
  361 18.00     0.000     0 0         0         0
  362 18.05     0.000     0 0         0         0
  363 18.10     0.000     0 0         0         0
  364 18.15     0.000     0 0         0         0
  365 18.20     0.000     0 0         0         0
  366 18.25     0.000     0 0         0         0
  367 18.30     0.000     0 0         0         0
  368 18.35     0.000     0 0         0         0
  369 18.40     0.000     0 0         0         0
  370 18.45     0.000     0 0         0         0
  371 18.50     0.000     0 0         0         0
  372 18.55     0.000     0 0         0         0
  373 18.60     0.000     0 0         0         0
  374 18.65     0.000     0 0         0         0
  375 18.70     0.000     0 0         0         0
  376 18.75     0.000     0 0         0         0
  377 18.80     0.000     0 0         0         0
  378 18.85     0.000     0 0         0         0
  379 18.90     0.000     0 0         0         0
  380 18.95     0.000     0 0         0         0
  381 19.00     0.000     0 0         0         0
  382 19.05     0.000     0 0         0         0
  383 19.10     0.000     0 0         0         0
  384 19.15     0.000     0 0         0         0
  385 19.20     0.000     0 0         0         0
  386 19.25     0.000     0 0         0         0
  387 19.30     0.000     0 0         0         0
  388 19.35     0.000     0 0         0         0
  389 19.40     0.000     0 0         0         0
  390 19.45     0.000     0 0         0         0
  391 19.50     0.000     0 0         0         0
  392 19.55     0.000     0 0         0         0
  393 19.60     0.000     0 0         0         0
  394 19.65     0.000     0 0         0         0
  395 19.70     0.000     0 0         0         0
  396 19.75     0.000     0 0         0         0
  397 19.80     0.000     0 0         0         0
  398 19.85     0.000     0 0         0         0
  399 19.90     0.000     0 0         0         0
  400 19.95     0.000     0 0         0         0
  401 20.00     0.000     0 0         0         0
  402 20.05     0.000     0 0         0         0
  403 20.10     0.000     0 0         0         0
  404 20.15     0.000     0 0         0         0
  405 20.20     0.000     0 0         0         0
  406 20.25     0.000     0 0         0         0
  407 20.30     0.000     0 0         0         0
  408 20.35     0.000     0 0         0         0
  409 20.40     0.000     0 0         0         0
  410 20.45     0.000     0 0         0         0
  411 20.50     0.000     0 0         0         0
  412 20.55     0.000     0 0         0         0
  413 20.60     0.000     0 0         0         0
  414 20.65     0.000     0 0         0         0
  415 20.70     0.000     0 0         0         0
  416 20.75     0.000     0 0         0         0
  417 20.80     0.000     0 0         0         0
  418 20.85     0.000     0 0         0         0
  419 20.90     0.000     0 0         0         0
  420 20.95     0.000     0 0         0         0
  421 21.00     0.000     0 0         0         0
  422 21.05     0.000     0 0         0         0
  423 21.10     0.000     0 0         0         0
  424 21.15     0.000     0 0         0         0
  425 21.20     0.000     0 0         0         0
  426 21.25     0.000     0 0         0         0
  427 21.30     0.000     0 0         0         0
  428 21.35     0.000     0 0         0         0
  429 21.40     0.000     0 0         0         0
  430 21.45     0.000     0 0         0         0
  431 21.50     0.000     0 0         0         0
  432 21.55     0.000     0 0         0         0
  433 21.60     0.000     0 0         0         0
  434 21.65     0.000     0 0         0         0
  435 21.70     0.000     0 0         0         0
  436 21.75     0.000     0 0         0         0
  437 21.80     0.000     0 0         0         0
  438 21.85     0.000     0 0         0         0
  439 21.90     0.000     0 0         0         0
  440 21.95     0.000     0 0         0         0
  441 22.00     0.000     0 0         0         0
  442 22.05     0.000     0 0         0         0
  443 22.10     0.000     0 0         0         0
  444 22.15     0.000     0 0         0         0
  445 22.20     0.000     0 0         0         0
  446 22.25     0.000     0 0         0         0
  447 22.30     0.000     0 0         0         0
  448 22.35     0.000     0 0         0         0
  449 22.40     0.000     0 0         0         0
  450 22.45     0.000     0 0         0         0
  451 22.50     0.000     0 0         0         0
  452 22.55     0.000     0 0         0         0
  453 22.60     0.000     0 0         0         0
  454 22.65     0.000     0 0         0         0
  455 22.70     0.000     0 0         0         0
  456 22.75     0.000     0 0         0         0
  457 22.80     0.000     0 0         0         0
  458 22.85     0.000     0 0         0         0
  459 22.90     0.000     0 0         0         0
  460 22.95     0.000     0 0         0         0
  461 23.00     0.000     0 0         0         0
  462 23.05     0.000     0 0         0         0
  463 23.10     0.000     0 0         0         0
  464 23.15     0.000     0 0         0         0
  465 23.20     0.000     0 0         0         0
  466 23.25     0.000     0 0         0         0
  467 23.30     0.000     0 0         0         0
  468 23.35     0.000     0 0         0         0
  469 23.40     0.000     0 0         0         0
  470 23.45     0.000     0 0         0         0
  471 23.50     0.000     0 0         0         0
  472 23.55     0.000     0 0         0         0
  473 23.60     0.000     0 0         0         0
  474 23.65     0.000     0 0         0         0
  475 23.70     0.000     0 0         0         0
  476 23.75     0.000     0 0         0         0
  477 23.80     0.000     0 0         0         0
  478 23.85     0.000     0 0         0         0
  479 23.90     0.000     0 0         0         0
  480 23.95     0.000     0 0         0         0
  481 24.00     0.000     0 0         0         0
  482 24.05     0.000     0 0         0         0
  483 24.10     0.000     0 0         0         0
  484 24.15     0.000     0 0         0         0
  485 24.20     0.000     0 0         0         0
  486 24.25     0.000     0 0         0         0
  487 24.30     0.000     0 0         0         0
  488 24.35     0.000     0 0         0         0
  489 24.40     0.000     0 0         0         0
  490 24.45     0.000     0 0         0         0
  491 24.50     0.000     0 0         0         0
  492 24.55     0.000     0 0         0         0
  493 24.60     0.000     0 0         0         0
  494 24.65     0.000     0 0         0         0
  495 24.70     0.000     0 0         0         0
  496 24.75     0.000     0 0         0         0
  497 24.80     0.000     0 0         0         0
  498 24.85     0.000     0 0         0         0
  499 24.90     0.000     0 0         0         0
  500 24.95     0.000     0 0         0         0
  501 25.00     0.000     0 0         0         0
  502 25.05     0.000     0 0         0         0
  503 25.10     0.000     0 0         0         0
  504 25.15     0.000     0 0         0         0
  505 25.20     0.000     0 0         0         0
  506 25.25     0.000     0 0         0         0
  507 25.30     0.000     0 0         0         0
  508 25.35     0.000     0 0         0         0
  509 25.40     0.000     0 0         0         0
  510 25.45     0.000     0 0         0         0
  511 25.50     0.000     0 0         0         0
  512 25.55     0.000     0 0         0         0
  513 25.60     0.000     0 0         0         0
  514 25.65     0.000     0 0         0         0
  515 25.70     0.000     0 0         0         0
  516 25.75     0.000     0 0         0         0
  517 25.80     0.000     0 0         0         0
  518 25.85     0.000     0 0         0         0
  519 25.90     0.000     0 0         0         0
  520 25.95     0.000     0 0         0         0
  521 26.00     0.000     0 0         0         0
  522 26.05     0.000     0 0         0         0
  523 26.10     0.000     0 0         0         0
  524 26.15     0.000     0 0         0         0
  525 26.20     0.000     0 0         0         0
  526 26.25     0.000     0 0         0         0
  527 26.30     0.000     0 0         0         0
  528 26.35     0.000     0 0         0         0
  529 26.40     0.000     0 0         0         0
  530 26.45     0.000     0 0         0         0
  531 26.50     0.000     0 0         0         0
  532 26.55     0.000     0 0         0         0
  533 26.60     0.000     0 0         0         0
  534 26.65     0.000     0 0         0         0
  535 26.70     0.000     0 0         0         0
  536 26.75     0.000     0 0         0         0
  537 26.80     0.000     0 0         0         0
  538 26.85     0.000     0 0         0         0
  539 26.90     0.000     0 0         0         0
  540 26.95     0.000     0 0         0         0
  541 27.00     0.000     0 0         0         0
  542 27.05     0.000     0 0         0         0
  543 27.10     0.000     0 0         0         0
  544 27.15     0.000     0 0         0         0
  545 27.20     0.000     0 0         0         0
  546 27.25     0.000     0 0         0         0
  547 27.30     0.000     0 0         0         0
  548 27.35     0.000     0 0         0         0
  549 27.40     0.000     0 0         0         0
  550 27.45     0.000     0 0         0         0
  551 27.50     0.000     0 0         0         0
  552 27.55     0.000     0 0         0         0
  553 27.60     0.000     0 0         0         0
  554 27.65     0.000     0 0         0         0
  555 27.70     0.000     0 0         0         0
  556 27.75     0.000     0 0         0         0
  557 27.80     0.000     0 0         0         0
  558 27.85     0.000     0 0         0         0
  559 27.90     0.000     0 0         0         0
  560 27.95     0.000     0 0         0         0
  561 28.00     0.000     0 0         0         0
  562 28.05     0.000     0 0         0         0
  563 28.10     0.000     0 0         0         0
  564 28.15     0.000     0 0         0         0
  565 28.20     0.000     0 0         0         0
  566 28.25     0.000     0 0         0         0
  567 28.30     0.000     0 0         0         0
  568 28.35     0.000     0 0         0         0
  569 28.40     0.000     0 0         0         0
  570 28.45     0.000     0 0         0         0
  571 28.50     0.000     0 0         0         0
  572 28.55     0.000     0 0         0         0
  573 28.60     0.000     0 0         0         0
  574 28.65     0.000     0 0         0         0
  575 28.70     0.000     0 0         0         0
  576 28.75     0.000     0 0         0         0
  577 28.80     0.000     0 0         0         0
  578 28.85     0.000     0 0         0         0
  579 28.90     0.000     0 0         0         0
  580 28.95     0.000     0 0         0         0
  581 29.00     0.000     0 0         0         0
  582 29.05     0.000     0 0         0         0
  583 29.10     0.000     0 0         0         0
  584 29.15     0.000     0 0         0         0
  585 29.20     0.000     0 0         0         0
  586 29.25     0.000     0 0         0         0
  587 29.30     0.000     0 0         0         0
  588 29.35     0.000     0 0         0         0
  589 29.40     0.000     0 0         0         0
  590 29.45     0.000     0 0         0         0
  591 29.50     0.000     0 0         0         0
  592 29.55     0.000     0 0         0         0
  593 29.60     0.000     0 0         0         0
  594 29.65     0.000     0 0         0         0
  595 29.70     0.000     0 0         0         0
  596 29.75     0.000     0 0         0         0
  597 29.80     0.000     0 0         0         0
  598 29.85     0.000     0 0         0         0
  599 29.90     0.000     0 0         0         0
  600 29.95     0.000     0 0         0         0
  601 30.00     0.000     0 0         0         0
  602 30.05     0.000     0 0         0         0
  603 30.10     0.000     0 0         0         0
  604 30.15     0.000     0 0         0         0
  605 30.20     0.000     0 0         0         0
  606 30.25     0.000     0 0         0         0
  607 30.30     0.000     0 0         0         0
  608 30.35     0.000     0 0         0         0
  609 30.40     0.000     0 0         0         0
  610 30.45     0.000     0 0         0         0
  611 30.50     0.000     0 0         0         0
  612 30.55     0.000     0 0         0         0
  613 30.60     0.000     0 0         0         0
  614 30.65     0.000     0 0         0         0
  615 30.70     0.000     0 0         0         0
  616 30.75     0.000     0 0         0         0
  617 30.80     0.000     0 0         0         0
  618 30.85     0.000     0 0         0         0
  619 30.90     0.000     0 0         0         0
  620 30.95     0.000     0 0         0         0
  621 31.00     0.000     0 0         0         0
  622 31.05     0.000     0 0         0         0
  623 31.10     0.000     0 0         0         0
  624 31.15     0.000     0 0         0         0
  625 31.20     0.000     0 0         0         0
  626 31.25     0.000     0 0         0         0
  627 31.30     0.000     0 0         0         0
  628 31.35     0.000     0 0         0         0
  629 31.40     0.000     0 0         0         0
  630 31.45     0.000     0 0         0         0
  631 31.50     0.000     0 0         0         0
  632 31.55     0.000     0 0         0         0
  633 31.60     0.000     0 0         0         0
  634 31.65     0.000     0 0         0         0
  635 31.70     0.000     0 0         0         0
  636 31.75     0.000     0 0         0         0
  637 31.80     0.000     0 0         0         0
  638 31.85     0.000     0 0         0         0
  639 31.90     0.000     0 0         0         0
  640 31.95     0.000     0 0         0         0
  641 32.00     0.000     0 0         0         0
  642 32.05     0.000     0 0         0         0
  643 32.10     0.000     0 0         0         0
  644 32.15     0.000     0 0         0         0
  645 32.20     0.000     0 0         0         0
  646 32.25     0.000     0 0         0         0
  647 32.30     0.000     0 0         0         0
  648 32.35     0.000     0 0         0         0
  649 32.40     0.000     0 0         0         0
  650 32.45     0.000     0 0         0         0
  651 32.50     0.000     0 0         0         0
  652 32.55     0.000     0 0         0         0
  653 32.60     0.000     0 0         0         0
  654 32.65     0.000     0 0         0         0
  655 32.70     0.000     0 0         0         0
  656 32.75     0.000     0 0         0         0
  657 32.80     0.000     0 0         0         0
  658 32.85     0.000     0 0         0         0
  659 32.90     0.000     0 0         0         0
  660 32.95     0.000     0 0         0         0
  661 33.00     0.000     0 0         0         0
  662 33.05     0.000     0 0         0         0
  663 33.10     0.000     0 0         0         0
  664 33.15     0.000     0 0         0         0
  665 33.20     0.000     0 0         0         0
  666 33.25     0.000     0 0         0         0
  667 33.30     0.000     0 0         0         0
  668 33.35     0.000     0 0         0         0
  669 33.40     0.000     0 0         0         0
  670 33.45     0.000     0 0         0         0
  671 33.50     0.000     0 0         0         0
  672 33.55     0.000     0 0         0         0
  673 33.60     0.000     0 0         0         0
  674 33.65     0.000     0 0         0         0
  675 33.70     0.000     0 0         0         0
  676 33.75     0.000     0 0         0         0
  677 33.80     0.000     0 0         0         0
  678 33.85     0.000     0 0         0         0
  679 33.90     0.000     0 0         0         0
  680 33.95     0.000     0 0         0         0
  681 34.00     0.000     0 0         0         0
  682 34.05     0.000     0 0         0         0
  683 34.10     0.000     0 0         0         0
  684 34.15     0.000     0 0         0         0
  685 34.20     0.000     0 0         0         0
  686 34.25     0.000     0 0         0         0
  687 34.30     0.000     0 0         0         0
  688 34.35     0.000     0 0         0         0
  689 34.40     0.000     0 0         0         0
  690 34.45     0.000     0 0         0         0
  691 34.50     0.000     0 0         0         0
  692 34.55     0.000     0 0         0         0
  693 34.60     0.000     0 0         0         0
  694 34.65     0.000     0 0         0         0
  695 34.70     0.000     0 0         0         0
  696 34.75     0.000     0 0         0         0
  697 34.80     0.000     0 0         0         0
  698 34.85     0.000     0 0         0         0
  699 34.90     0.000     0 0         0         0
  700 34.95     0.000     0 0         0         0
  701 35.00     0.000     0 0         0         0
  702 35.05     0.000     0 0         0         0
  703 35.10     0.000     0 0         0         0
  704 35.15     0.000     0 0         0         0
  705 35.20     0.000     0 0         0         0
  706 35.25     0.000     0 0         0         0
  707 35.30     0.000     0 0         0         0
  708 35.35     0.000     0 0         0         0
  709 35.40     0.000     0 0         0         0
  710 35.45     0.000     0 0         0         0
  711 35.50     0.000     0 0         0         0
  712 35.55     0.000     0 0         0         0
  713 35.60     0.000     0 0         0         0
  714 35.65     0.000     0 0         0         0
  715 35.70     0.000     0 0         0         0
  716 35.75     0.000     0 0         0         0
  717 35.80     0.000     0 0         0         0
  718 35.85     0.000     0 0         0         0
  719 35.90     0.000     0 0         0         0
  720 35.95     0.000     0 0         0         0
  721 36.00     0.000     0 0         0         0
  722 36.05     0.000     0 0         0         0
  723 36.10     0.000     0 0         0         0
  724 36.15     0.000     0 0         0         0
  725 36.20     0.000     0 0         0         0
  726 36.25     0.000     0 0         0         0
  727 36.30     0.000     0 0         0         0
  728 36.35     0.000     0 0         0         0
  729 36.40     0.000     0 0         0         0
  730 36.45     0.000     0 0         0         0
  731 36.50     0.000     0 0         0         0
  732 36.55     0.000     0 0         0         0
  733 36.60     0.000     0 0         0         0
  734 36.65     0.000     0 0         0         0
  735 36.70     0.000     0 0         0         0
  736 36.75     0.000     0 0         0         0
  737 36.80     0.000     0 0         0         0
  738 36.85     0.000     0 0         0         0
  739 36.90     0.000     0 0         0         0
  740 36.95     0.000     0 0         0         0
  741 37.00     0.000     0 0         0         0
  742 37.05     0.000     0 0         0         0
  743 37.10     0.000     0 0         0         0
  744 37.15     0.000     0 0         0         0
  745 37.20     0.000     0 0         0         0
  746 37.25     0.000     0 0         0         0
  747 37.30     0.000     0 0         0         0
  748 37.35     0.000     0 0         0         0
  749 37.40     0.000     0 0         0         0
  750 37.45     0.000     0 0         0         0
  751 37.50     0.000     0 0         0         0
  752 37.55     0.000     0 0         0         0
  753 37.60     0.000     0 0         0         0
  754 37.65     0.000     0 0         0         0
  755 37.70     0.000     0 0         0         0
  756 37.75     0.000     0 0         0         0
  757 37.80     0.000     0 0         0         0
  758 37.85     0.000     0 0         0         0
  759 37.90     0.000     0 0         0         0
  760 37.95     0.000     0 0         0         0
  761 38.00     0.000     0 0         0         0
  762 38.05     0.000     0 0         0         0
  763 38.10     0.000     0 0         0         0
  764 38.15     0.000     0 0         0         0
  765 38.20     0.000     0 0         0         0
  766 38.25     0.000     0 0         0         0
  767 38.30     0.000     0 0         0         0
  768 38.35     0.000     0 0         0         0
  769 38.40     0.000     0 0         0         0
  770 38.45     0.000     0 0         0         0
  771 38.50     0.000     0 0         0         0
  772 38.55     0.000     0 0         0         0
  773 38.60     0.000     0 0         0         0
  774 38.65     0.000     0 0         0         0
  775 38.70     0.000     0 0         0         0
  776 38.75     0.000     0 0         0         0
  777 38.80     0.000     0 0         0         0
  778 38.85     0.000     0 0         0         0
  779 38.90     0.000     0 0         0         0
  780 38.95     0.000     0 0         0         0
  781 39.00     0.000     0 0         0         0
  782 39.05     0.000     0 0         0         0
  783 39.10     0.000     0 0         0         0
  784 39.15     0.000     0 0         0         0
  785 39.20     0.000     0 0         0         0
  786 39.25     0.000     0 0         0         0
  787 39.30     0.000     0 0         0         0
  788 39.35     0.000     0 0         0         0
  789 39.40     0.000     0 0         0         0
  790 39.45     0.000     0 0         0         0
  791 39.50     0.000     0 0         0         0
  792 39.55     0.000     0 0         0         0
  793 39.60     0.000     0 0         0         0
  794 39.65     0.000     0 0         0         0
  795 39.70     0.000     0 0         0         0
  796 39.75     0.000     0 0         0         0
  797 39.80     0.000     0 0         0         0
  798 39.85     0.000     0 0         0         0
  799 39.90     0.000     0 0         0         0
  800 39.95     0.000     0 0         0         0
  801 40.00     0.000     0 0         0         0
  802 40.05     0.000     0 0         0         0
  803 40.10     0.000     0 0         0         0
  804 40.15     0.000     0 0         0         0
  805 40.20     0.000     0 0         0         0
  806 40.25     0.000     0 0         0         0
  807 40.30     0.000     0 0         0         0
  808 40.35     0.000     0 0         0         0
  809 40.40     0.000     0 0         0         0
  810 40.45     0.000     0 0         0         0
  811 40.50     0.000     0 0         0         0
  812 40.55     0.000     0 0         0         0
  813 40.60     0.000     0 0         0         0
  814 40.65     0.000     0 0         0         0
  815 40.70     0.000     0 0         0         0
  816 40.75     0.000     0 0         0         0
  817 40.80     0.000     0 0         0         0
  818 40.85     0.000     0 0         0         0
  819 40.90     0.000     0 0         0         0
  820 40.95     0.000     0 0         0         0
  821 41.00     0.000     0 0         0         0
  822 41.05     0.000     0 0         0         0
  823 41.10     0.000     0 0         0         0
  824 41.15     0.000     0 0         0         0
  825 41.20     0.000     0 0         0         0
  826 41.25     0.000     0 0         0         0
  827 41.30     0.000     0 0         0         0
  828 41.35     0.000     0 0         0         0
  829 41.40     0.000     0 0         0         0
  830 41.45     0.000     0 0         0         0
  831 41.50     0.000     0 0         0         0
  832 41.55     0.000     0 0         0         0
  833 41.60     0.000     0 0         0         0
  834 41.65     0.000     0 0         0         0
  835 41.70     0.000     0 0         0         0
  836 41.75     0.000     0 0         0         0
  837 41.80     0.000     0 0         0         0
  838 41.85     0.000     0 0         0         0
  839 41.90     0.000     0 0         0         0
  840 41.95     0.000     0 0         0         0
  841 42.00     0.000     0 0         0         0
  842 42.05     0.000     0 0         0         0
  843 42.10     0.000     0 0         0         0
  844 42.15     0.000     0 0         0         0
  845 42.20     0.000     0 0         0         0
  846 42.25     0.000     0 0         0         0
  847 42.30     0.000     0 0         0         0
  848 42.35     0.000     0 0         0         0
  849 42.40     0.000     0 0         0         0
  850 42.45     0.000     0 0         0         0
  851 42.50     0.000     0 0         0         0
  852 42.55     0.000     0 0         0         0
  853 42.60     0.000     0 0         0         0
  854 42.65     0.000     0 0         0         0
  855 42.70     0.000     0 0         0         0
  856 42.75     0.000     0 0         0         0
  857 42.80     0.000     0 0         0         0
  858 42.85     0.000     0 0         0         0
  859 42.90     0.000     0 0         0         0
  860 42.95     0.000     0 0         0         0
  861 43.00     0.000     0 0         0         0
  862 43.05     0.000     0 0         0         0
  863 43.10     0.000     0 0         0         0
  864 43.15     0.000     0 0         0         0
  865 43.20     0.000     0 0         0         0
  866 43.25     0.000     0 0         0         0
  867 43.30     0.000     0 0         0         0
  868 43.35     0.000     0 0         0         0
  869 43.40     0.000     0 0         0         0
  870 43.45     0.000     0 0         0         0
  871 43.50     0.000     0 0         0         0
  872 43.55     0.000     0 0         0         0
  873 43.60     0.000     0 0         0         0
  874 43.65     0.000     0 0         0         0
  875 43.70     0.000     0 0         0         0
  876 43.75     0.000     0 0         0         0
  877 43.80     0.000     0 0         0         0
  878 43.85     0.000     0 0         0         0
  879 43.90     0.000     0 0         0         0
  880 43.95     0.000     0 0         0         0
  881 44.00     0.000     0 0         0         0
  882 44.05     0.000     0 0         0         0
  883 44.10     0.000     0 0         0         0
  884 44.15     0.000     0 0         0         0
  885 44.20     0.000     0 0         0         0
  886 44.25     0.000     0 0         0         0
  887 44.30     0.000     0 0         0         0
  888 44.35     0.000     0 0         0         0
  889 44.40     0.000     0 0         0         0
  890 44.45     0.000     0 0         0         0
  891 44.50     0.000     0 0         0         0
  892 44.55     0.000     0 0         0         0
  893 44.60     0.000     0 0         0         0
  894 44.65     0.000     0 0         0         0
  895 44.70     0.000     0 0         0         0
  896 44.75     0.000     0 0         0         0
  897 44.80     0.000     0 0         0         0
  898 44.85     0.000     0 0         0         0
  899 44.90     0.000     0 0         0         0
  900 44.95     0.000     0 0         0         0
  901 45.00     0.000     0 0         0         0
  902 45.05     0.000     0 0         0         0
  903 45.10     0.000     0 0         0         0
  904 45.15     0.000     0 0         0         0
  905 45.20     0.000     0 0         0         0
  906 45.25     0.000     0 0         0         0
  907 45.30     0.000     0 0         0         0
  908 45.35     0.000     0 0         0         0
  909 45.40     0.000     0 0         0         0
  910 45.45     0.000     0 0         0         0
  911 45.50     0.000     0 0         0         0
  912 45.55     0.000     0 0         0         0
  913 45.60     0.000     0 0         0         0
  914 45.65     0.000     0 0         0         0
  915 45.70     0.000     0 0         0         0
  916 45.75     0.000     0 0         0         0
  917 45.80     0.000     0 0         0         0
  918 45.85     0.000     0 0         0         0
  919 45.90     0.000     0 0         0         0
  920 45.95     0.000     0 0         0         0
  921 46.00     0.000     0 0         0         0
  922 46.05     0.000     0 0         0         0
  923 46.10     0.000     0 0         0         0
  924 46.15     0.000     0 0         0         0
  925 46.20     0.000     0 0         0         0
  926 46.25     0.000     0 0         0         0
  927 46.30     0.000     0 0         0         0
  928 46.35     0.000     0 0         0         0
  929 46.40     0.000     0 0         0         0
  930 46.45     0.000     0 0         0         0
  931 46.50     0.000     0 0         0         0
  932 46.55     0.000     0 0         0         0
  933 46.60     0.000     0 0         0         0
  934 46.65     0.000     0 0         0         0
  935 46.70     0.000     0 0         0         0
  936 46.75     0.000     0 0         0         0
  937 46.80     0.000     0 0         0         0
  938 46.85     0.000     0 0         0         0
  939 46.90     0.000     0 0         0         0
  940 46.95     0.000     0 0         0         0
  941 47.00     0.000     0 0         0         0
  942 47.05     0.000     0 0         0         0
  943 47.10     0.000     0 0         0         0
  944 47.15     0.000     0 0         0         0
  945 47.20     0.000     0 0         0         0
  946 47.25     0.000     0 0         0         0
  947 47.30     0.000     0 0         0         0
  948 47.35     0.000     0 0         0         0
  949 47.40     0.000     0 0         0         0
  950 47.45     0.000     0 0         0         0
  951 47.50     0.000     0 0         0         0
  952 47.55     0.000     0 0         0         0
  953 47.60     0.000     0 0         0         0
  954 47.65     0.000     0 0         0         0
  955 47.70     0.000     0 0         0         0
  956 47.75     0.000     0 0         0         0
  957 47.80     0.000     0 0         0         0
  958 47.85     0.000     0 0         0         0
  959 47.90     0.000     0 0         0         0
  960 47.95     0.000     0 0         0         0
  961 48.00     0.000     0 0         0         0
  962 48.05     0.000     0 0         0         0
  963 48.10     0.000     0 0         0         0
  964 48.15     0.000     0 0         0         0
  965 48.20     0.000     0 0         0         0
  966 48.25     0.000     0 0         0         0
  967 48.30     0.000     0 0         0         0
  968 48.35     0.000     0 0         0         0
  969 48.40     0.000     0 0         0         0
  970 48.45     0.000     0 0         0         0
  971 48.50     0.000     0 0         0         0
  972 48.55     0.000     0 0         0         0
  973 48.60     0.000     0 0         0         0
  974 48.65     0.000     0 0         0         0
  975 48.70     0.000     0 0         0         0
  976 48.75     0.000     0 0         0         0
  977 48.80     0.000     0 0         0         0
  978 48.85     0.000     0 0         0         0
  979 48.90     0.000     0 0         0         0
  980 48.95     0.000     0 0         0         0
  981 49.00     0.000     0 0         0         0
  982 49.05     0.000     0 0         0         0
  983 49.10     0.000     0 0         0         0
  984 49.15     0.000     0 0         0         0
  985 49.20     0.000     0 0         0         0
  986 49.25     0.000     0 0         0         0
  987 49.30     0.000     0 0         0         0
  988 49.35     0.000     0 0         0         0
  989 49.40     0.000     0 0         0         0
  990 49.45     0.000     0 0         0         0
  991 49.50     0.000     0 0         0         0
  992 49.55     0.000     0 0         0         0
  993 49.60     0.000     0 0         0         0
  994 49.65     0.000     0 0         0         0
  995 49.70     0.000     0 0         0         0
  996 49.75     0.000     0 0         0         0
  997 49.80     0.000     0 0         0         0
  998 49.85     0.000     0 0         0         0
  999 49.90     0.000     0 0         0         0
 1000 49.95     0.000     0 0         0         0
 1001 50.00     0.000     2 2         2         2
   1   1   2   2   2   1   1   1   0
   2   3   3   4   4   1   1   1   0
   3   4   5   5   5   1   1   1   0
   4   6   6   7   7   1   1   1   0
   5   7   8   8   8   1   1   1   0
   6   9   9  10  10   1   1   1   0
   7  10  11  11  11   1   1   1   0
   8  12  12  13  13   1   1   1   0
   9  13  14  14  14   1   1   1   0
  10  15  15  16  16   1   1   1   0
  11  16  17  17  17   1   1   1   0
  12  18  18  19  19   1   1   1   0
  13  19  20  20  20   1   1   1   0
  14  21  21  22  22   1   1   1   0
  15  22  23  23  23   1   1   1   0
  16  24  24  25  25   1   1   1   0
  17  25  26  26  26   1   1   1   0
  18  27  27  28  28   1   1   1   0
  19  28  29  29  29   1   1   1   0
  20  30  30  31  31   1   1   1   0
  21  31  32  32  32   1   1   1   0
  22  33  33  34  34   1   1   1   0
  23  34  35  35  35   1   1   1   0
  24  36  36  37  37   1   1   1   0
  25  37  38  38  38   1   1   1   0
  26  39  39  40  40   1   1   1   0
  27  40  41  41  41   1   1   1   0
  28  42  42  43  43   1   1   1   0
  29  43  44  44  44   1   1   1   0
  30  45  45  46  46   1   1   1   0
  31  46  47  47  47   1   1   1   0
  32  48  48  49  49   1   1   1   0
  33  49  50  50  50   1   1   1   0
  34  51  51  52  52   1   1   1   0
  35  52  53  53  53   1   1   1   0
  36  54  54  55  55   1   1   1   0
  37  55  56  56  56   1   1   1   0
  38  57  57  58  58   1   1   1   0
  39  58  59  59  59   1   1   1   0
  40  60  60  61  61   1   1   1   0
  41  61  62  62  62   1   1   1   0
  42  63  63  64  64   1   1   1   0
  43  64  65  65  65   1   1   1   0
  44  66  66  67  67   1   1   1   0
  45  67  68  68  68   1   1   1   0
  46  69  69  70  70   1   1   1   0
  47  70  71  71  71   1   1   1   0
  48  72  72  73  73   1   1   1   0
  49  73  74  74  74   1   1   1   0
  50  75  75  76  76   1   1   1   0
  51  76  77  77  77   1   1   1   0
  52  78  78  79  79   1   1   1   0
  53  79  80  80  80   1   1   1   0
  54  81  81  82  82   1   1   1   0
  55  82  83  83  83   1   1   1   0
  56  84  84  85  85   1   1   1   0
  57  85  86  86  86   1   1   1   0
  58  87  87  88  88   1   1   1   0
  59  88  89  89  89   1   1   1   0
  60  90  90  91  91   1   1   1   0
  61  91  92  92  92   1   1   1   0
  62  93  93  94  94   1   1   1   0
  63  94  95  95  95   1   1   1   0
  64  96  96  97  97   1   1   1   0
  65  97  98  98  98   1   1   1   0
  66  99  99 100 100   1   1   1   0
  67 100 101 101 101   1   1   1   0
  68 102 102 103 103   1   1   1   0
  69 103 104 104 104   1   1   1   0
  70 105 105 106 106   1   1   1   0
  71 106 107 107 107   1   1   1   0
  72 108 108 109 109   1   1   1   0
  73 109 110 110 110   1   1   1   0
  74 111 111 112 112   1   1   1   0
  75 112 113 113 113   1   1   1   0
  76 114 114 115 115   1   1   1   0
  77 115 116 116 116   1   1   1   0
  78 117 117 118 118   1   1   1   0
  79 118 119 119 119   1   1   1   0
  80 120 120 121 121   1   1   1   0
  81 121 122 122 122   1   1   1   0
  82 123 123 124 124   1   1   1   0
  83 124 125 125 125   1   1   1   0
  84 126 126 127 127   1   1   1   0
  85 127 128 128 128   1   1   1   0
  86 129 129 130 130   1   1   1   0
  87 130 131 131 131   1   1   1   0
  88 132 132 133 133   1   1   1   0
  89 133 134 134 134   1   1   1   0
  90 135 135 136 136   1   1   1   0
  91 136 137 137 137   1   1   1   0
  92 138 138 139 139   1   1   1   0
  93 139 140 140 140   1   1   1   0
  94 141 141 142 142   1   1   1   0
  95 142 143 143 143   1   1   1   0
  96 144 144 145 145   1   1   1   0
  97 145 146 146 146   1   1   1   0
  98 147 147 148 148   1   1   1   0
  99 148 149 149 149   1   1   1   0
 100 150 150 151 151   1   1   1   0
 101 151 152 152 152   1   1   1   0
 102 153 153 154 154   1   1   1   0
 103 154 155 155 155   1   1   1   0
 104 156 156 157 157   1   1   1   0
 105 157 158 158 158   1   1   1   0
 106 159 159 160 160   1   1   1   0
 107 160 161 161 161   1   1   1   0
 108 162 162 163 163   1   1   1   0
 109 163 164 164 164   1   1   1   0
 110 165 165 166 166   1   1   1   0
 111 166 167 167 167   1   1   1   0
 112 168 168 169 169   1   1   1   0
 113 169 170 170 170   1   1   1   0
 114 171 171 172 172   1   1   1   0
 115 172 173 173 173   1   1   1   0
 116 174 174 175 175   1   1   1   0
 117 175 176 176 176   1   1   1   0
 118 177 177 178 178   1   1   1   0
 119 178 179 179 179   1   1   1   0
 120 180 180 181 181   1   1   1   0
 121 181 182 182 182   1   1   1   0
 122 183 183 184 184   1   1   1   0
 123 184 185 185 185   1   1   1   0
 124 186 186 187 187   1   1   1   0
 125 187 188 188 188   1   1   1   0
 126 189 189 190 190   1   1   1   0
 127 190 191 191 191   1   1   1   0
 128 192 192 193 193   1   1   1   0
 129 193 194 194 194   1   1   1   0
 130 195 195 196 196   1   1   1   0
 131 196 197 197 197   1   1   1   0
 132 198 198 199 199   1   1   1   0
 133 199 200 200 200   1   1   1   0
 134 201 201 202 202   1   1   1   0
 135 202 203 203 203   1   1   1   0
 136 204 204 205 205   1   1   1   0
 137 205 206 206 206   1   1   1   0
 138 207 207 208 208   1   1   1   0
 139 208 209 209 209   1   1   1   0
 140 210 210 211 211   1   1   1   0
 141 211 212 212 212   1   1   1   0
 142 213 213 214 214   1   1   1   0
 143 214 215 215 215   1   1   1   0
 144 216 216 217 217   1   1   1   0
 145 217 218 218 218   1   1   1   0
 146 219 219 220 220   1   1   1   0
 147 220 221 221 221   1   1   1   0
 148 222 222 223 223   1   1   1   0
 149 223 224 224 224   1   1   1   0
 150 225 225 226 226   1   1   1   0
 151 226 227 227 227   1   1   1   0
 152 228 228 229 229   1   1   1   0
 153 229 230 230 230   1   1   1   0
 154 231 231 232 232   1   1   1   0
 155 232 233 233 233   1   1   1   0
 156 234 234 235 235   1   1   1   0
 157 235 236 236 236   1   1   1   0
 158 237 237 238 238   1   1   1   0
 159 238 239 239 239   1   1   1   0
 160 240 240 241 241   1   1   1   0
 161 241 242 242 242   1   1   1   0
 162 243 243 244 244   1   1   1   0
 163 244 245 245 245   1   1   1   0
 164 246 246 247 247   1   1   1   0
 165 247 248 248 248   1   1   1   0
 166 249 249 250 250   1   1   1   0
 167 250 251 251 251   1   1   1   0
 168 252 252 253 253   1   1   1   0
 169 253 254 254 254   1   1   1   0
 170 255 255 256 256   1   1   1   0
 171 256 257 257 257   1   1   1   0
 172 258 258 259 259   1   1   1   0
 173 259 260 260 260   1   1   1   0
 174 261 261 262 262   1   1   1   0
 175 262 263 263 263   1   1   1   0
 176 264 264 265 265   1   1   1   0
 177 265 266 266 266   1   1   1   0
 178 267 267 268 268   1   1   1   0
 179 268 269 269 269   1   1   1   0
 180 270 270 271 271   1   1   1   0
 181 271 272 272 272   1   1   1   0
 182 273 273 274 274   1   1   1   0
 183 274 275 275 275   1   1   1   0
 184 276 276 277 277   1   1   1   0
 185 277 278 278 278   1   1   1   0
 186 279 279 280 280   1   1   1   0
 187 280 281 281 281   1   1   1   0
 188 282 282 283 283   1   1   1   0
 189 283 284 284 284   1   1   1   0
 190 285 285 286 286   1   1   1   0
 191 286 287 287 287   1   1   1   0
 192 288 288 289 289   1   1   1   0
 193 289 290 290 290   1   1   1   0
 194 291 291 292 292   1   1   1   0
 195 292 293 293 293   1   1   1   0
 196 294 294 295 295   1   1   1   0
 197 295 296 296 296   1   1   1   0
 198 297 297 298 298   1   1   1   0
 199 298 299 299 299   1   1   1   0
 200 300 300 301 301   1   1   1   0
 201 301 302 302 302   1   1   1   0
 202 303 303 304 304   1   1   1   0
 203 304 305 305 305   1   1   1   0
 204 306 306 307 307   1   1   1   0
 205 307 308 308 308   1   1   1   0
 206 309 309 310 310   1   1   1   0
 207 310 311 311 311   1   1   1   0
 208 312 312 313 313   1   1   1   0
 209 313 314 314 314   1   1   1   0
 210 315 315 316 316   1   1   1   0
 211 316 317 317 317   1   1   1   0
 212 318 318 319 319   1   1   1   0
 213 319 320 320 320   1   1   1   0
 214 321 321 322 322   1   1   1   0
 215 322 323 323 323   1   1   1   0
 216 324 324 325 325   1   1   1   0
 217 325 326 326 326   1   1   1   0
 218 327 327 328 328   1   1   1   0
 219 328 329 329 329   1   1   1   0
 220 330 330 331 331   1   1   1   0
 221 331 332 332 332   1   1   1   0
 222 333 333 334 334   1   1   1   0
 223 334 335 335 335   1   1   1   0
 224 336 336 337 337   1   1   1   0
 225 337 338 338 338   1   1   1   0
 226 339 339 340 340   1   1   1   0
 227 340 341 341 341   1   1   1   0
 228 342 342 343 343   1   1   1   0
 229 343 344 344 344   1   1   1   0
 230 345 345 346 346   1   1   1   0
 231 346 347 347 347   1   1   1   0
 232 348 348 349 349   1   1   1   0
 233 349 350 350 350   1   1   1   0
 234 351 351 352 352   1   1   1   0
 235 352 353 353 353   1   1   1   0
 236 354 354 355 355   1   1   1   0
 237 355 356 356 356   1   1   1   0
 238 357 357 358 358   1   1   1   0
 239 358 359 359 359   1   1   1   0
 240 360 360 361 361   1   1   1   0
 241 361 362 362 362   1   1   1   0
 242 363 363 364 364   1   1   1   0
 243 364 365 365 365   1   1   1   0
 244 366 366 367 367   1   1   1   0
 245 367 368 368 368   1   1   1   0
 246 369 369 370 370   1   1   1   0
 247 370 371 371 371   1   1   1   0
 248 372 372 373 373   1   1   1   0
 249 373 374 374 374   1   1   1   0
 250 375 375 376 376   1   1   1   0
 251 376 377 377 377   1   1   1   0
 252 378 378 379 379   1   1   1   0
 253 379 380 380 380   1   1   1   0
 254 381 381 382 382   1   1   1   0
 255 382 383 383 383   1   1   1   0
 256 384 384 385 385   1   1   1   0
 257 385 386 386 386   1   1   1   0
 258 387 387 388 388   1   1   1   0
 259 388 389 389 389   1   1   1   0
 260 390 390 391 391   1   1   1   0
 261 391 392 392 392   1   1   1   0
 262 393 393 394 394   1   1   1   0
 263 394 395 395 395   1   1   1   0
 264 396 396 397 397   1   1   1   0
 265 397 398 398 398   1   1   1   0
 266 399 399 400 400   1   1   1   0
 267 400 401 401 401   1   1   1   0
 268 402 402 403 403   1   1   1   0
 269 403 404 404 404   1   1   1   0
 270 405 405 406 406   1   1   1   0
 271 406 407 407 407   1   1   1   0
 272 408 408 409 409   1   1   1   0
 273 409 410 410 410   1   1   1   0
 274 411 411 412 412   1   1   1   0
 275 412 413 413 413   1   1   1   0
 276 414 414 415 415   1   1   1   0
 277 415 416 416 416   1   1   1   0
 278 417 417 418 418   1   1   1   0
 279 418 419 419 419   1   1   1   0
 280 420 420 421 421   1   1   1   0
 281 421 422 422 422   1   1   1   0
 282 423 423 424 424   1   1   1   0
 283 424 425 425 425   1   1   1   0
 284 426 426 427 427   1   1   1   0
 285 427 428 428 428   1   1   1   0
 286 429 429 430 430   1   1   1   0
 287 430 431 431 431   1   1   1   0
 288 432 432 433 433   1   1   1   0
 289 433 434 434 434   1   1   1   0
 290 435 435 436 436   1   1   1   0
 291 436 437 437 437   1   1   1   0
 292 438 438 439 439   1   1   1   0
 293 439 440 440 440   1   1   1   0
 294 441 441 442 442   1   1   1   0
 295 442 443 443 443   1   1   1   0
 296 444 444 445 445   1   1   1   0
 297 445 446 446 446   1   1   1   0
 298 447 447 448 448   1   1   1   0
 299 448 449 449 449   1   1   1   0
 300 450 450 451 451   1   1   1   0
 301 451 452 452 452   1   1   1   0
 302 453 453 454 454   1   1   1   0
 303 454 455 455 455   1   1   1   0
 304 456 456 457 457   1   1   1   0
 305 457 458 458 458   1   1   1   0
 306 459 459 460 460   1   1   1   0
 307 460 461 461 461   1   1   1   0
 308 462 462 463 463   1   1   1   0
 309 463 464 464 464   1   1   1   0
 310 465 465 466 466   1   1   1   0
 311 466 467 467 467   1   1   1   0
 312 468 468 469 469   1   1   1   0
 313 469 470 470 470   1   1   1   0
 314 471 471 472 472   1   1   1   0
 315 472 473 473 473   1   1   1   0
 316 474 474 475 475   1   1   1   0
 317 475 476 476 476   1   1   1   0
 318 477 477 478 478   1   1   1   0
 319 478 479 479 479   1   1   1   0
 320 480 480 481 481   1   1   1   0
 321 481 482 482 482   1   1   1   0
 322 483 483 484 484   1   1   1   0
 323 484 485 485 485   1   1   1   0
 324 486 486 487 487   1   1   1   0
 325 487 488 488 488   1   1   1   0
 326 489 489 490 490   1   1   1   0
 327 490 491 491 491   1   1   1   0
 328 492 492 493 493   1   1   1   0
 329 493 494 494 494   1   1   1   0
 330 495 495 496 496   1   1   1   0
 331 496 497 497 497   1   1   1   0
 332 498 498 499 499   1   1   1   0
 333 499 500 500 500   1   1   1   0
 334 501 501 502 502   1   1   1   0
 335 502 503 503 503   1   1   1   0
 336 504 504 505 505   1   1   1   0
 337 505 506 506 506   1   1   1   0
 338 507 507 508 508   1   1   1   0
 339 508 509 509 509   1   1   1   0
 340 510 510 511 511   1   1   1   0
 341 511 512 512 512   1   1   1   0
 342 513 513 514 514   1   1   1   0
 343 514 515 515 515   1   1   1   0
 344 516 516 517 517   1   1   1   0
 345 517 518 518 518   1   1   1   0
 346 519 519 520 520   1   1   1   0
 347 520 521 521 521   1   1   1   0
 348 522 522 523 523   1   1   1   0
 349 523 524 524 524   1   1   1   0
 350 525 525 526 526   1   1   1   0
 351 526 527 527 527   1   1   1   0
 352 528 528 529 529   1   1   1   0
 353 529 530 530 530   1   1   1   0
 354 531 531 532 532   1   1   1   0
 355 532 533 533 533   1   1   1   0
 356 534 534 535 535   1   1   1   0
 357 535 536 536 536   1   1   1   0
 358 537 537 538 538   1   1   1   0
 359 538 539 539 539   1   1   1   0
 360 540 540 541 541   1   1   1   0
 361 541 542 542 542   1   1   1   0
 362 543 543 544 544   1   1   1   0
 363 544 545 545 545   1   1   1   0
 364 546 546 547 547   1   1   1   0
 365 547 548 548 548   1   1   1   0
 366 549 549 550 550   1   1   1   0
 367 550 551 551 551   1   1   1   0
 368 552 552 553 553   1   1   1   0
 369 553 554 554 554   1   1   1   0
 370 555 555 556 556   1   1   1   0
 371 556 557 557 557   1   1   1   0
 372 558 558 559 559   1   1   1   0
 373 559 560 560 560   1   1   1   0
 374 561 561 562 562   1   1   1   0
 375 562 563 563 563   1   1   1   0
 376 564 564 565 565   1   1   1   0
 377 565 566 566 566   1   1   1   0
 378 567 567 568 568   1   1   1   0
 379 568 569 569 569   1   1   1   0
 380 570 570 571 571   1   1   1   0
 381 571 572 572 572   1   1   1   0
 382 573 573 574 574   1   1   1   0
 383 574 575 575 575   1   1   1   0
 384 576 576 577 577   1   1   1   0
 385 577 578 578 578   1   1   1   0
 386 579 579 580 580   1   1   1   0
 387 580 581 581 581   1   1   1   0
 388 582 582 583 583   1   1   1   0
 389 583 584 584 584   1   1   1   0
 390 585 585 586 586   1   1   1   0
 391 586 587 587 587   1   1   1   0
 392 588 588 589 589   1   1   1   0
 393 589 590 590 590   1   1   1   0
 394 591 591 592 592   1   1   1   0
 395 592 593 593 593   1   1   1   0
 396 594 594 595 595   1   1   1   0
 397 595 596 596 596   1   1   1   0
 398 597 597 598 598   1   1   1   0
 399 598 599 599 599   1   1   1   0
 400 600 600 601 601   1   1   1   0
 401 601 602 602 602   1   1   1   0
 402 603 603 604 604   1   1   1   0
 403 604 605 605 605   1   1   1   0
 404 606 606 607 607   1   1   1   0
 405 607 608 608 608   1   1   1   0
 406 609 609 610 610   1   1   1   0
 407 610 611 611 611   1   1   1   0
 408 612 612 613 613   1   1   1   0
 409 613 614 614 614   1   1   1   0
 410 615 615 616 616   1   1   1   0
 411 616 617 617 617   1   1   1   0
 412 618 618 619 619   1   1   1   0
 413 619 620 620 620   1   1   1   0
 414 621 621 622 622   1   1   1   0
 415 622 623 623 623   1   1   1   0
 416 624 624 625 625   1   1   1   0
 417 625 626 626 626   1   1   1   0
 418 627 627 628 628   1   1   1   0
 419 628 629 629 629   1   1   1   0
 420 630 630 631 631   1   1   1   0
 421 631 632 632 632   1   1   1   0
 422 633 633 634 634   1   1   1   0
 423 634 635 635 635   1   1   1   0
 424 636 636 637 637   1   1   1   0
 425 637 638 638 638   1   1   1   0
 426 639 639 640 640   1   1   1   0
 427 640 641 641 641   1   1   1   0
 428 642 642 643 643   1   1   1   0
 429 643 644 644 644   1   1   1   0
 430 645 645 646 646   1   1   1   0
 431 646 647 647 647   1   1   1   0
 432 648 648 649 649   1   1   1   0
 433 649 650 650 650   1   1   1   0
 434 651 651 652 652   1   1   1   0
 435 652 653 653 653   1   1   1   0
 436 654 654 655 655   1   1   1   0
 437 655 656 656 656   1   1   1   0
 438 657 657 658 658   1   1   1   0
 439 658 659 659 659   1   1   1   0
 440 660 660 661 661   1   1   1   0
 441 661 662 662 662   1   1   1   0
 442 663 663 664 664   1   1   1   0
 443 664 665 665 665   1   1   1   0
 444 666 666 667 667   1   1   1   0
 445 667 668 668 668   1   1   1   0
 446 669 669 670 670   1   1   1   0
 447 670 671 671 671   1   1   1   0
 448 672 672 673 673   1   1   1   0
 449 673 674 674 674   1   1   1   0
 450 675 675 676 676   1   1   1   0
 451 676 677 677 677   1   1   1   0
 452 678 678 679 679   1   1   1   0
 453 679 680 680 680   1   1   1   0
 454 681 681 682 682   1   1   1   0
 455 682 683 683 683   1   1   1   0
 456 684 684 685 685   1   1   1   0
 457 685 686 686 686   1   1   1   0
 458 687 687 688 688   1   1   1   0
 459 688 689 689 689   1   1   1   0
 460 690 690 691 691   1   1   1   0
 461 691 692 692 692   1   1   1   0
 462 693 693 694 694   1   1   1   0
 463 694 695 695 695   1   1   1   0
 464 696 696 697 697   1   1   1   0
 465 697 698 698 698   1   1   1   0
 466 699 699 700 700   1   1   1   0
 467 700 701 701 701   1   1   1   0
 468 702 702 703 703   1   1   1   0
 469 703 704 704 704   1   1   1   0
 470 705 705 706 706   1   1   1   0
 471 706 707 707 707   1   1   1   0
 472 708 708 709 709   1   1   1   0
 473 709 710 710 710   1   1   1   0
 474 711 711 712 712   1   1   1   0
 475 712 713 713 713   1   1   1   0
 476 714 714 715 715   1   1   1   0
 477 715 716 716 716   1   1   1   0
 478 717 717 718 718   1   1   1   0
 479 718 719 719 719   1   1   1   0
 480 720 720 721 721   1   1   1   0
 481 721 722 722 722   1   1   1   0
 482 723 723 724 724   1   1   1   0
 483 724 725 725 725   1   1   1   0
 484 726 726 727 727   1   1   1   0
 485 727 728 728 728   1   1   1   0
 486 729 729 730 730   1   1   1   0
 487 730 731 731 731   1   1   1   0
 488 732 732 733 733   1   1   1   0
 489 733 734 734 734   1   1   1   0
 490 735 735 736 736   1   1   1   0
 491 736 737 737 737   1   1   1   0
 492 738 738 739 739   1   1   1   0
 493 739 740 740 740   1   1   1   0
 494 741 741 742 742   1   1   1   0
 495 742 743 743 743   1   1   1   0
 496 744 744 745 745   1   1   1   0
 497 745 746 746 746   1   1   1   0
 498 747 747 748 748   1   1   1   0
 499 748 749 749 749   1   1   1   0
 500 750 750 751 751   1   1   1   0
 501 751 752 752 752   1   1   1   0
 502 753 753 754 754   1   1   1   0
 503 754 755 755 755   1   1   1   0
 504 756 756 757 757   1   1   1   0
 505 757 758 758 758   1   1   1   0
 506 759 759 760 760   1   1   1   0
 507 760 761 761 761   1   1   1   0
 508 762 762 763 763   1   1   1   0
 509 763 764 764 764   1   1   1   0
 510 765 765 766 766   1   1   1   0
 511 766 767 767 767   1   1   1   0
 512 768 768 769 769   1   1   1   0
 513 769 770 770 770   1   1   1   0
 514 771 771 772 772   1   1   1   0
 515 772 773 773 773   1   1   1   0
 516 774 774 775 775   1   1   1   0
 517 775 776 776 776   1   1   1   0
 518 777 777 778 778   1   1   1   0
 519 778 779 779 779   1   1   1   0
 520 780 780 781 781   1   1   1   0
 521 781 782 782 782   1   1   1   0
 522 783 783 784 784   1   1   1   0
 523 784 785 785 785   1   1   1   0
 524 786 786 787 787   1   1   1   0
 525 787 788 788 788   1   1   1   0
 526 789 789 790 790   1   1   1   0
 527 790 791 791 791   1   1   1   0
 528 792 792 793 793   1   1   1   0
 529 793 794 794 794   1   1   1   0
 530 795 795 796 796   1   1   1   0
 531 796 797 797 797   1   1   1   0
 532 798 798 799 799   1   1   1   0
 533 799 800 800 800   1   1   1   0
 534 801 801 802 802   1   1   1   0
 535 802 803 803 803   1   1   1   0
 536 804 804 805 805   1   1   1   0
 537 805 806 806 806   1   1   1   0
 538 807 807 808 808   1   1   1   0
 539 808 809 809 809   1   1   1   0
 540 810 810 811 811   1   1   1   0
 541 811 812 812 812   1   1   1   0
 542 813 813 814 814   1   1   1   0
 543 814 815 815 815   1   1   1   0
 544 816 816 817 817   1   1   1   0
 545 817 818 818 818   1   1   1   0
 546 819 819 820 820   1   1   1   0
 547 820 821 821 821   1   1   1   0
 548 822 822 823 823   1   1   1   0
 549 823 824 824 824   1   1   1   0
 550 825 825 826 826   1   1   1   0
 551 826 827 827 827   1   1   1   0
 552 828 828 829 829   1   1   1   0
 553 829 830 830 830   1   1   1   0
 554 831 831 832 832   1   1   1   0
 555 832 833 833 833   1   1   1   0
 556 834 834 835 835   1   1   1   0
 557 835 836 836 836   1   1   1   0
 558 837 837 838 838   1   1   1   0
 559 838 839 839 839   1   1   1   0
 560 840 840 841 841   1   1   1   0
 561 841 842 842 842   1   1   1   0
 562 843 843 844 844   1   1   1   0
 563 844 845 845 845   1   1   1   0
 564 846 846 847 847   1   1   1   0
 565 847 848 848 848   1   1   1   0
 566 849 849 850 850   1   1   1   0
 567 850 851 851 851   1   1   1   0
 568 852 852 853 853   1   1   1   0
 569 853 854 854 854   1   1   1   0
 570 855 855 856 856   1   1   1   0
 571 856 857 857 857   1   1   1   0
 572 858 858 859 859   1   1   1   0
 573 859 860 860 860   1   1   1   0
 574 861 861 862 862   1   1   1   0
 575 862 863 863 863   1   1   1   0
 576 864 864 865 865   1   1   1   0
 577 865 866 866 866   1   1   1   0
 578 867 867 868 868   1   1   1   0
 579 868 869 869 869   1   1   1   0
 580 870 870 871 871   1   1   1   0
 581 871 872 872 872   1   1   1   0
 582 873 873 874 874   1   1   1   0
 583 874 875 875 875   1   1   1   0
 584 876 876 877 877   1   1   1   0
 585 877 878 878 878   1   1   1   0
 586 879 879 880 880   1   1   1   0
 587 880 881 881 881   1   1   1   0
 588 882 882 883 883   1   1   1   0
 589 883 884 884 884   1   1   1   0
 590 885 885 886 886   1   1   1   0
 591 886 887 887 887   1   1   1   0
 592 888 888 889 889   1   1   1   0
 593 889 890 890 890   1   1   1   0
 594 891 891 892 892   1   1   1   0
 595 892 893 893 893   1   1   1   0
 596 894 894 895 895   1   1   1   0
 597 895 896 896 896   1   1   1   0
 598 897 897 898 898   1   1   1   0
 599 898 899 899 899   1   1   1   0
 600 900 900 901 901   1   1   1   0
 601 901 902 902 902   1   1   1   0
 602 903 903 904 904   1   1   1   0
 603 904 905 905 905   1   1   1   0
 604 906 906 907 907   1   1   1   0
 605 907 908 908 908   1   1   1   0
 606 909 909 910 910   1   1   1   0
 607 910 911 911 911   1   1   1   0
 608 912 912 913 913   1   1   1   0
 609 913 914 914 914   1   1   1   0
 610 915 915 916 916   1   1   1   0
 611 916 917 917 917   1   1   1   0
 612 918 918 919 919   1   1   1   0
 613 919 920 920 920   1   1   1   0
 614 921 921 922 922   1   1   1   0
 615 922 923 923 923   1   1   1   0
 616 924 924 925 925   1   1   1   0
 617 925 926 926 926   1   1   1   0
 618 927 927 928 928   1   1   1   0
 619 928 929 929 929   1   1   1   0
 620 930 930 931 931   1   1   1   0
 621 931 932 932 932   1   1   1   0
 622 933 933 934 934   1   1   1   0
 623 934 935 935 935   1   1   1   0
 624 936 936 937 937   1   1   1   0
 625 937 938 938 938   1   1   1   0
 626 939 939 940 940   1   1   1   0
 627 940 941 941 941   1   1   1   0
 628 942 942 943 943   1   1   1   0
 629 943 944 944 944   1   1   1   0
 630 945 945 946 946   1   1   1   0
 631 946 947 947 947   1   1   1   0
 632 948 948 949 949   1   1   1   0
 633 949 950 950 950   1   1   1   0
 634 951 951 952 952   1   1   1   0
 635 952 953 953 953   1   1   1   0
 636 954 954 955 955   1   1   1   0
 637 955 956 956 956   1   1   1   0
 638 957 957 958 958   1   1   1   0
 639 958 959 959 959   1   1   1   0
 640 960 960 961 961   1   1   1   0
 641 961 962 962 962   1   1   1   0
 642 963 963 964 964   1   1   1   0
 643 964 965 965 965   1   1   1   0
 644 966 966 967 967   1   1   1   0
 645 967 968 968 968   1   1   1   0
 646 969 969 970 970   1   1   1   0
 647 970 971 971 971   1   1   1   0
 648 972 972 973 973   1   1   1   0
 649 973 974 974 974   1   1   1   0
 650 975 975 976 976   1   1   1   0
 651 976 977 977 977   1   1   1   0
 652 978 978 979 979   1   1   1   0
 653 979 980 980 980   1   1   1   0
 654 981 981 982 982   1   1   1   0
 655 982 983 983 983   1   1   1   0
 656 984 984 985 985   1   1   1   0
 657 985 986 986 986   1   1   1   0
 658 987 987 988 988   1   1   1   0
 659 988 989 989 989   1   1   1   0
 660 990 990 991 991   1   1   1   0
 661 991 992 992 992   1   1   1   0
 662 993 993 994 994   1   1   1   0
 663 994 995 995 995   1   1   1   0
 664 996 996 997 997   1   1   1   0
 665 997 998 998 998   1   1   1   0
 666 999 99910001000   1   1   1   0
 66710001001   1   1   1   1   1   0
 668   1   1   1   1   1   1   1   0
 669   1   1   1   1   1   1   1   0
 670   1   1   1   1   1   1   1   0
 671   1   1   1   1   1   1   1   0
 672   1   1   1   1   1   1   1   0
 673   1   1   1   1   1   1   1   0
 674   1   1   1   1   1   1   1   0
 675   1   1   1   1   1   1   1   0
 676   1   1   1   1   1   1   1   0
 677   1   1   1   1   1   1   1   0
 678   1   1   1   1   1   1   1   0
 679   1   1   1   1   1   1   1   0
 680   1   1   1   1   1   1   1   0
 681   1   1   1   1   1   1   1   0
 682   1   1   1   1   1   1   1   0
 683   1   1   1   1   1   1   1   0
 684   1   1   1   1   1   1   1   0
 685   1   1   1   1   1   1   1   0
 686   1   1   1   1   1   1   1   0
 687   1   1   1   1   1   1   1   0
 688   1   1   1   1   1   1   1   0
 689   1   1   1   1   1   1   1   0
 690   1   1   1   1   1   1   1   0
 691   1   1   1   1   1   1   1   0
 692   1   1   1   1   1   1   1   0
 693   1   1   1   1   1   1   1   0
 694   1   1   1   1   1   1   1   0
 695   1   1   1   1   1   1   1   0
 696   1   1   1   1   1   1   1   0
 697   1   1   1   1   1   1   1   0
 698   1   1   1   1   1   1   1   0
 699   1   1   1   1   1   1   1   0
 700   1   1   1   1   1   1   1   0
 701   1   1   1   1   1   1   1   0
 702   1   1   1   1   1   1   1   0
 703   1   1   1   1   1   1   1   0
 704   1   1   1   1   1   1   1   0
 705   1   1   1   1   1   1   1   0
 706   1   1   1   1   1   1   1   0
 707   1   1   1   1   1   1   1   0
 708   1   1   1   1   1   1   1   0
 709   1   1   1   1   1   1   1   0
 710   1   1   1   1   1   1   1   0
 711   1   1   1   1   1   1   1   0
 712   1   1   1   1   1   1   1   0
 713   1   1   1   1   1   1   1   0
 714   1   1   1   1   1   1   1   0
 715   1   1   1   1   1   1   1   0
 716   1   1   1   1   1   1   1   0
 717   1   1   1   1   1   1   1   0
 718   1   1   1   1   1   1   1   0
 719   1   1   1   1   1   1   1   0
 720   1   1   1   1   1   1   1   0
 721   1   1   1   1   1   1   1   0
 722   1   1   1   1   1   1   1   0
 723   1   1   1   1   1   1   1   0
 724   1   1   1   1   1   1   1   0
 725   1   1   1   1   1   1   1   0
 726   1   1   1   1   1   1   1   0
 727   1   1   1   1   1   1   1   0
 728   1   1   1   1   1   1   1   0
 729   1   1   1   1   1   1   1   0
 730   1   1   1   1   1   1   1   0
 731   1   1   1   1   1   1   1   0
 732   1   1   1   1   1   1   1   0
 733   1   1   1   1   1   1   1   0
 734   1   1   1   1   1   1   1   0
 735   1   1   1   1   1   1   1   0
 736   1   1   1   1   1   1   1   0
 737   1   1   1   1   1   1   1   0
 738   1   1   1   1   1   1   1   0
 739   1   1   1   1   1   1   1   0
 740   1   1   1   1   1   1   1   0
 741   1   1   1   1   1   1   1   0
 742   1   1   1   1   1   1   1   0
 743   1   1   1   1   1   1   1   0
 744   1   1   1   1   1   1   1   0
 745   1   1   1   1   1   1   1   0
 746   1   1   1   1   1   1   1   0
 747   1   1   1   1   1   1   1   0
 748   1   1   1   1   1   1   1   0
 749   1   1   1   1   1   1   1   0
 750   1   1   1   1   1   1   1   0
 751   1   1   1   1   1   1   1   0
 752   1   1   1   1   1   1   1   0
 753   1   1   1   1   1   1   1   0
 754   1   1   1   1   1   1   1   0
 755   1   1   1   1   1   1   1   0
 756   1   1   1   1   1   1   1   0
 757   1   1   1   1   1   1   1   0
 758   1   1   1   1   1   1   1   0
 759   1   1   1   1   1   1   1   0
 760   1   1   1   1   1   1   1   0
 761   1   1   1   1   1   1   1   0
 762   1   1   1   1   1   1   1   0
 763   1   1   1   1   1   1   1   0
 764   1   1   1   1   1   1   1   0
 765   1   1   1   1   1   1   1   0
 766   1   1   1   1   1   1   1   0
 767   1   1   1   1   1   1   1   0
 768   1   1   1   1   1   1   1   0
 769   1   1   1   1   1   1   1   0
 770   1   1   1   1   1   1   1   0
 771   1   1   1   1   1   1   1   0
 772   1   1   1   1   1   1   1   0
 773   1   1   1   1   1   1   1   0
 774   1   1   1   1   1   1   1   0
 775   1   1   1   1   1   1   1   0
 776   1   1   1   1   1   1   1   0
 777   1   1   1   1   1   1   1   0
 778   1   1   1   1   1   1   1   0
 779   1   1   1   1   1   1   1   0
 780   1   1   1   1   1   1   1   0
 781   1   1   1   1   1   1   1   0
 782   1   1   1   1   1   1   1   0
 783   1   1   1   1   1   1   1   0
 784   1   1   1   1   1   1   1   0
 785   1   1   1   1   1   1   1   0
 786   1   1   1   1   1   1   1   0
 787   1   1   1   1   1   1   1   0
 788   1   1   1   1   1   1   1   0
 789   1   1   1   1   1   1   1   0
 790   1   1   1   1   1   1   1   0
 791   1   1   1   1   1   1   1   0
 792   1   1   1   1   1   1   1   0
 793   1   1   1   1   1   1   1   0
 794   1   1   1   1   1   1   1   0
 795   1   1   1   1   1   1   1   0
 796   1   1   1   1   1   1   1   0
 797   1   1   1   1   1   1   1   0
 798   1   1   1   1   1   1   1   0
 799   1   1   1   1   1   1   1   0
 800   1   1   1   1   1   1   1   0
 801   1   1   1   1   1   1   1   0
 802   1   1   1   1   1   1   1   0
 803   1   1   1   1   1   1   1   0
 804   1   1   1   1   1   1   1   0
 805   1   1   1   1   1   1   1   0
 806   1   1   1   1   1   1   1   0
 807   1   1   1   1   1   1   1   0
 808   1   1   1   1   1   1   1   0
 809   1   1   1   1   1   1   1   0
 810   1   1   1   1   1   1   1   0
 811   1   1   1   1   1   1   1   0
 812   1   1   1   1   1   1   1   0
 813   1   1   1   1   1   1   1   0
 814   1   1   1   1   1   1   1   0
 815   1   1   1   1   1   1   1   0
 816   1   1   1   1   1   1   1   0
 817   1   1   1   1   1   1   1   0
 818   1   1   1   1   1   1   1   0
 819   1   1   1   1   1   1   1   0
 820   1   1   1   1   1   1   1   0
 821   1   1   1   1   1   1   1   0
 822   1   1   1   1   1   1   1   0
 823   1   1   1   1   1   1   1   0
 824   1   1   1   1   1   1   1   0
 825   1   1   1   1   1   1   1   0
 826   1   1   1   1   1   1   1   0
 827   1   1   1   1   1   1   1   0
 828   1   1   1   1   1   1   1   0
 829   1   1   1   1   1   1   1   0
 830   1   1   1   1   1   1   1   0
 831   1   1   1   1   1   1   1   0
 832   1   1   1   1   1   1   1   0
 833   1   1   1   1   1   1   1   0
 834   1   1   1   1   1   1   1   0
 835   1   1   1   1   1   1   1   0
 836   1   1   1   1   1   1   1   0
 837   1   1   1   1   1   1   1   0
 838   1   1   1   1   1   1   1   0
 839   1   1   1   1   1   1   1   0
 840   1   1   1   1   1   1   1   0
 841   1   1   1   1   1   1   1   0
 842   1   1   1   1   1   1   1   0
 843   1   1   1   1   1   1   1   0
 844   1   1   1   1   1   1   1   0
 845   1   1   1   1   1   1   1   0
 846   1   1   1   1   1   1   1   0
 847   1   1   1   1   1   1   1   0
 848   1   1   1   1   1   1   1   0
 849   1   1   1   1   1   1   1   0
 850   1   1   1   1   1   1   1   0
 851   1   1   1   1   1   1   1   0
 852   1   1   1   1   1   1   1   0
 853   1   1   1   1   1   1   1   0
 854   1   1   1   1   1   1   1   0
 855   1   1   1   1   1   1   1   0
 856   1   1   1   1   1   1   1   0
 857   1   1   1   1   1   1   1   0
 858   1   1   1   1   1   1   1   0
 859   1   1   1   1   1   1   1   0
 860   1   1   1   1   1   1   1   0
 861   1   1   1   1   1   1   1   0
 862   1   1   1   1   1   1   1   0
 863   1   1   1   1   1   1   1   0
 864   1   1   1   1   1   1   1   0
 865   1   1   1   1   1   1   1   0
 866   1   1   1   1   1   1   1   0
 867   1   1   1   1   1   1   1   0
 868   1   1   1   1   1   1   1   0
 869   1   1   1   1   1   1   1   0
 870   1   1   1   1   1   1   1   0
 871   1   1   1   1   1   1   1   0
 872   1   1   1   1   1   1   1   0
 873   1   1   1   1   1   1   1   0
 874   1   1   1   1   1   1   1   0
 875   1   1   1   1   1   1   1   0
 876   1   1   1   1   1   1   1   0
 877   1   1   1   1   1   1   1   0
 878   1   1   1   1   1   1   1   0
 879   1   1   1   1   1   1   1   0
 880   1   1   1   1   1   1   1   0
 881   1   1   1   1   1   1   1   0
 882   1   1   1   1   1   1   1   0
 883   1   1   1   1   1   1   1   0
 884   1   1   1   1   1   1   1   0
 885   1   1   1   1   1   1   1   0
 886   1   1   1   1   1   1   1   0
 887   1   1   1   1   1   1   1   0
 888   1   1   1   1   1   1   1   0
 889   1   1   1   1   1   1   1   0
 890   1   1   1   1   1   1   1   0
 891   1   1   1   1   1   1   1   0
 892   1   1   1   1   1   1   1   0
 893   1   1   1   1   1   1   1   0
 894   1   1   1   1   1   1   1   0
 895   1   1   1   1   1   1   1   0
 896   1   1   1   1   1   1   1   0
 897   1   1   1   1   1   1   1   0
 898   1   1   1   1   1   1   1   0
 899   1   1   1   1   1   1   1   0
 900   1   1   1   1   1   1   1   0
 901   1   1   1   1   1   1   1   0
 902   1   1   1   1   1   1   1   0
 903   1   1   1   1   1   1   1   0
 904   1   1   1   1   1   1   1   0
 905   1   1   1   1   1   1   1   0
 906   1   1   1   1   1   1   1   0
 907   1   1   1   1   1   1   1   0
 908   1   1   1   1   1   1   1   0
 909   1   1   1   1   1   1   1   0
 910   1   1   1   1   1   1   1   0
 911   1   1   1   1   1   1   1   0
 912   1   1   1   1   1   1   1   0
 913   1   1   1   1   1   1   1   0
 914   1   1   1   1   1   1   1   0
 915   1   1   1   1   1   1   1   0
 916   1   1   1   1   1   1   1   0
 917   1   1   1   1   1   1   1   0
 918   1   1   1   1   1   1   1   0
 919   1   1   1   1   1   1   1   0
 920   1   1   1   1   1   1   1   0
 921   1   1   1   1   1   1   1   0
 922   1   1   1   1   1   1   1   0
 923   1   1   1   1   1   1   1   0
 924   1   1   1   1   1   1   1   0
 925   1   1   1   1   1   1   1   0
 926   1   1   1   1   1   1   1   0
 927   1   1   1   1   1   1   1   0
 928   1   1   1   1   1   1   1   0
 929   1   1   1   1   1   1   1   0
 930   1   1   1   1   1   1   1   0
 931   1   1   1   1   1   1   1   0
 932   1   1   1   1   1   1   1   0
 933   1   1   1   1   1   1   1   0
 934   1   1   1   1   1   1   1   0
 935   1   1   1   1   1   1   1   0
 936   1   1   1   1   1   1   1   0
 937   1   1   1   1   1   1   1   0
 938   1   1   1   1   1   1   1   0
 939   1   1   1   1   1   1   1   0
 940   1   1   1   1   1   1   1   0
 941   1   1   1   1   1   1   1   0
 942   1   1   1   1   1   1   1   0
 943   1   1   1   1   1   1   1   0
 944   1   1   1   1   1   1   1   0
 945   1   1   1   1   1   1   1   0
 946   1   1   1   1   1   1   1   0
 947   1   1   1   1   1   1   1   0
 948   1   1   1   1   1   1   1   0
 949   1   1   1   1   1   1   1   0
 950   1   1   1   1   1   1   1   0
 951   1   1   1   1   1   1   1   0
 952   1   1   1   1   1   1   1   0
 953   1   1   1   1   1   1   1   0
 954   1   1   1   1   1   1   1   0
 955   1   1   1   1   1   1   1   0
 956   1   1   1   1   1   1   1   0
 957   1   1   1   1   1   1   1   0
 958   1   1   1   1   1   1   1   0
 959   1   1   1   1   1   1   1   0
 960   1   1   1   1   1   1   1   0
 961   1   1   1   1   1   1   1   0
 962   1   1   1   1   1   1   1   0
 963   1   1   1   1   1   1   1   0
 964   1   1   1   1   1   1   1   0
 965   1   1   1   1   1   1   1   0
 966   1   1   1   1   1   1   1   0
 967   1   1   1   1   1   1   1   0
 968   1   1   1   1   1   1   1   0
 969   1   1   1   1   1   1   1   0
 970   1   1   1   1   1   1   1   0
 971   1   1   1   1   1   1   1   0
 972   1   1   1   1   1   1   1   0
 973   1   1   1   1   1   1   1   0
 974   1   1   1   1   1   1   1   0
 975   1   1   1   1   1   1   1   0
 976   1   1   1   1   1   1   1   0
 977   1   1   1   1   1   1   1   0
 978   1   1   1   1   1   1   1   0
 979   1   1   1   1   1   1   1   0
 980   1   1   1   1   1   1   1   0
 981   1   1   1   1   1   1   1   0
 982   1   1   1   1   1   1   1   0
 983   1   1   1   1   1   1   1   0
 984   1   1   1   1   1   1   1   0
 985   1   1   1   1   1   1   1   0
 986   1   1   1   1   1   1   1   0
 987   1   1   1   1   1   1   1   0
 988   1   1   1   1   1   1   1   0
 989   1   1   1   1   1   1   1   0
 990   1   1   1   1   1   1   1   0
 991   1   1   1   1   1   1   1   0
 992   1   1   1   1   1   1   1   0
 993   1   1   1   1   1   1   1   0
 994   1   1   1   1   1   1   1   0
 995   1   1   1   1   1   1   1   0
 996   1   1   1   1   1   1   1   0
 997   1   1   1   1   1   1   1   0
 998   1   1   1   1   1   1   1   0
 999   1   1   1   1   1   1   1   0
1000   1   1   1   1   1   1   1   0
